current directory: C:/Users/12697/test/website-AidanNEichman/_vendor/ruby/3.1.0/gems/rdiscount-2.1.7/ext
C:/Ruby31-x64/bin/ruby.exe -I C:/Ruby31-x64/lib/ruby/3.1.0 extconf.rb
checking for random()... no
checking for srandom()... no
checking for rand()... yes
checking for srand()... yes
checking size of unsigned long... 4
checking size of unsigned int... 4
creating Makefile

current directory: C:/Users/12697/test/website-AidanNEichman/_vendor/ruby/3.1.0/gems/rdiscount-2.1.7/ext
make DESTDIR\= sitearchdir\=./.gem.20230131-5596-rde8u5 sitelibdir\=./.gem.20230131-5596-rde8u5 clean

current directory: C:/Users/12697/test/website-AidanNEichman/_vendor/ruby/3.1.0/gems/rdiscount-2.1.7/ext
make DESTDIR\= sitearchdir\=./.gem.20230131-5596-rde8u5 sitelibdir\=./.gem.20230131-5596-rde8u5
generating rdiscount-x64-mingw-ucrt.def
compiling Csio.c
compiling amalloc.c
compiling basename.c
compiling css.c
compiling docheader.c
compiling dumptree.c
compiling emmatch.c
compiling flags.c
compiling generate.c
compiling github_flavoured.c
compiling html5.c
compiling markdown.c
compiling mkdio.c
compiling mktags.c
mktags.c:44:1: warning: return type defaults to 'int' [-Wimplicit-int]
   44 | main()
      | ^~~~
compiling pgm_options.c
compiling rdiscount.c
rdiscount.c: In function 'rb_rdiscount_to_html':
rdiscount.c:50:17: warning: implicit declaration of function 'rb_rdiscount__get_flags' [-Wimplicit-function-declaration]
   50 |     int flags = rb_rdiscount__get_flags(self);
      |                 ^~~~~~~~~~~~~~~~~~~~~~~
compiling resource.c
compiling setup.c
compiling tags.c
compiling toc.c
compiling version.c
compiling xml.c
compiling xmlpage.c
linking shared-object rdiscount.so

current directory: C:/Users/12697/test/website-AidanNEichman/_vendor/ruby/3.1.0/gems/rdiscount-2.1.7/ext
make DESTDIR\= sitearchdir\=./.gem.20230131-5596-rde8u5 sitelibdir\=./.gem.20230131-5596-rde8u5 install
/usr/bin/install -c -m 0755 rdiscount.so ./.gem.20230131-5596-rde8u5
