current directory: C:/Users/12697/test/website-AidanNEichman/_vendor/ruby/3.1.0/gems/redcarpet-2.3.0/ext/redcarpet
C:/Ruby31-x64/bin/ruby.exe -I C:/Ruby31-x64/lib/ruby/3.1.0 extconf.rb
creating Makefile

current directory: C:/Users/12697/test/website-AidanNEichman/_vendor/ruby/3.1.0/gems/redcarpet-2.3.0/ext/redcarpet
make DESTDIR\= sitearchdir\=./.gem.20230131-5596-788xy0 sitelibdir\=./.gem.20230131-5596-788xy0 clean

current directory: C:/Users/12697/test/website-AidanNEichman/_vendor/ruby/3.1.0/gems/redcarpet-2.3.0/ext/redcarpet
make DESTDIR\= sitearchdir\=./.gem.20230131-5596-788xy0 sitelibdir\=./.gem.20230131-5596-788xy0
generating redcarpet-x64-mingw-ucrt.def
compiling autolink.c
compiling buffer.c
compiling houdini_href_e.c
compiling houdini_html_e.c
compiling html.c
compiling html_smartypants.c
compiling markdown.c
compiling rc_markdown.c
compiling rc_render.c
compiling stack.c
linking shared-object redcarpet.so

current directory: C:/Users/12697/test/website-AidanNEichman/_vendor/ruby/3.1.0/gems/redcarpet-2.3.0/ext/redcarpet
make DESTDIR\= sitearchdir\=./.gem.20230131-5596-788xy0 sitelibdir\=./.gem.20230131-5596-788xy0 install
/usr/bin/install -c -m 0755 redcarpet.so ./.gem.20230131-5596-788xy0
